Watching for file changes with StatReloader
Performing system checks...

System check identified no issues (0 silenced).
October 24, 2022 - 10:03:07
Django version 4.1.2, using settings 'THU_Context.settings'
Starting development server at http://127.0.0.1:2260/
Quit the server with CONTROL-C.
/home/pcg/hdd/ContextBoruta/ContextTree/THU_Context/Context/views.py changed, reloading.
Watching for file changes with StatReloader
Performing system checks...

System check identified no issues (0 silenced).
October 24, 2022 - 10:10:15
Django version 4.1.2, using settings 'THU_Context.settings'
Starting development server at http://127.0.0.1:8000/
Quit the server with CONTROL-C.
/home/pcg/hdd/ContextBoruta/ContextTree/THU_Context/Context/views.py changed, reloading.
Watching for file changes with StatReloader
Performing system checks...

System check identified no issues (0 silenced).
October 24, 2022 - 10:19:03
Django version 4.1.2, using settings 'THU_Context.settings'
Starting development server at http://127.0.0.1:8000/
Quit the server with CONTROL-C.
/home/pcg/hdd/ContextBoruta/ContextTree/THU_Context/Context/views.py changed, reloading.
Watching for file changes with StatReloader
Performing system checks...

System check identified no issues (0 silenced).
October 24, 2022 - 10:20:26
Django version 4.1.2, using settings 'THU_Context.settings'
Starting development server at http://127.0.0.1:8000/
Quit the server with CONTROL-C.
/home/pcg/hdd/ContextBoruta/ContextTree/THU_Context/Boruta_AllInOne/Boruta.py changed, reloading.
Watching for file changes with StatReloader
Performing system checks...

System check identified no issues (0 silenced).
October 24, 2022 - 10:20:44
Django version 4.1.2, using settings 'THU_Context.settings'
Starting development server at http://127.0.0.1:8000/
Quit the server with CONTROL-C.
/home/pcg/hdd/ContextBoruta/ContextTree/THU_Context/Boruta_AllInOne/Boruta.py changed, reloading.
Watching for file changes with StatReloader
Performing system checks...

System check identified no issues (0 silenced).
October 24, 2022 - 10:22:12
Django version 4.1.2, using settings 'THU_Context.settings'
Starting development server at http://127.0.0.1:8000/
Quit the server with CONTROL-C.
/home/pcg/hdd/ContextBoruta/ContextTree/THU_Context/Boruta_AllInOne/Boruta.py changed, reloading.
Watching for file changes with StatReloader
Performing system checks...

System check identified no issues (0 silenced).
October 24, 2022 - 10:28:18
Django version 4.1.2, using settings 'THU_Context.settings'
Starting development server at http://127.0.0.1:8000/
Quit the server with CONTROL-C.
/home/pcg/hdd/ContextBoruta/ContextTree/THU_Context/Boruta_AllInOne/Boruta.py changed, reloading.
Watching for file changes with StatReloader
Performing system checks...

System check identified no issues (0 silenced).
October 24, 2022 - 10:34:07
Django version 4.1.2, using settings 'THU_Context.settings'
Starting development server at http://127.0.0.1:8000/
Quit the server with CONTROL-C.
Watching for file changes with StatReloader
Performing system checks...

System check identified no issues (0 silenced).
October 24, 2022 - 10:37:04
Django version 4.1.2, using settings 'THU_Context.settings'
Starting development server at http://166.111.139.101:2260/
Quit the server with CONTROL-C.
